<?xml version="1.0" encoding="UTF-8"?>
<robot generator="Robot 3.1.1 (Python 3.7.2 on win32)" generated="20190816 11:30:03.563" rpa="false">
<suite id="s1" name="Elmir" source="D:\Succses Factors\2019\4_Robot Framework\development\robot-scripts\first-script\Tests\elmir.robot">
<test id="s1-t1" name="5) User can back call">
<kw name="Open Browser" library="SeleniumLibrary">
<doc>Opens a new browser instance to the given ``url``.</doc>
<arguments>
<arg>https://elmir.ua</arg>
<arg>chrome</arg>
</arguments>
<msg timestamp="20190816 11:30:04.476" level="INFO">Opening browser 'chrome' to base url 'https://elmir.ua'.</msg>
<status status="PASS" starttime="20190816 11:30:04.474" endtime="20190816 11:30:07.382"></status>
</kw>
<kw name="Maximize Browser Window" library="SeleniumLibrary">
<doc>Maximizes current browser window.</doc>
<status status="PASS" starttime="20190816 11:30:07.382" endtime="20190816 11:30:09.572"></status>
</kw>
<kw name="Wait Until Page Contains" library="SeleniumLibrary">
<doc>Waits until ``text`` appears on current page.</doc>
<arguments>
<arg>Контакты</arg>
</arguments>
<status status="PASS" starttime="20190816 11:30:09.574" endtime="20190816 11:30:10.068"></status>
</kw>
<kw name="Sleep" library="BuiltIn">
<doc>Pauses the test executed for the given time.</doc>
<arguments>
<arg>5s</arg>
</arguments>
<msg timestamp="20190816 11:30:15.071" level="INFO">Slept 5 seconds</msg>
<status status="PASS" starttime="20190816 11:30:10.069" endtime="20190816 11:30:15.071"></status>
</kw>
<kw name="Execute Javascript" library="SeleniumLibrary">
<doc>Executes the given JavaScript code with possible arguments.</doc>
<arguments>
<arg>window.scrollTo(0, 180)</arg>
</arguments>
<msg timestamp="20190816 11:30:15.072" level="INFO">Executing JavaScript:
window.scrollTo(0, 180)
Without any arguments.</msg>
<status status="PASS" starttime="20190816 11:30:15.071" endtime="20190816 11:30:15.079"></status>
</kw>
<kw name="Click Element" library="SeleniumLibrary">
<doc>Click element identified by ``locator``.</doc>
<arguments>
<arg>xpath: //*[@id="acallback"]</arg>
</arguments>
<msg timestamp="20190816 11:30:15.080" level="INFO">Clicking element 'xpath: //*[@id="acallback"]'.</msg>
<status status="PASS" starttime="20190816 11:30:15.079" endtime="20190816 11:30:15.215"></status>
</kw>
<kw name="Sleep" library="BuiltIn">
<doc>Pauses the test executed for the given time.</doc>
<arguments>
<arg>3s</arg>
</arguments>
<msg timestamp="20190816 11:30:18.218" level="INFO">Slept 3 seconds</msg>
<status status="PASS" starttime="20190816 11:30:15.217" endtime="20190816 11:30:18.218"></status>
</kw>
<kw name="Input Text" library="SeleniumLibrary">
<doc>Types the given ``text`` into text field identified by ``locator``.</doc>
<arguments>
<arg>id=special-tel</arg>
<arg>671231234</arg>
</arguments>
<msg timestamp="20190816 11:30:18.218" level="INFO">Typing text '671231234' into text field 'id=special-tel'.</msg>
<status status="PASS" starttime="20190816 11:30:18.218" endtime="20190816 11:30:18.338"></status>
</kw>
<kw name="Sleep" library="BuiltIn">
<doc>Pauses the test executed for the given time.</doc>
<arguments>
<arg>3s</arg>
</arguments>
<msg timestamp="20190816 11:30:21.340" level="INFO">Slept 3 seconds</msg>
<status status="PASS" starttime="20190816 11:30:18.339" endtime="20190816 11:30:21.340"></status>
</kw>
<kw name="Click Button" library="SeleniumLibrary">
<doc>Clicks button identified by ``locator``.</doc>
<arguments>
<arg>xpath=//*[@id="cb-form"]/div[5]/input</arg>
</arguments>
<msg timestamp="20190816 11:30:21.340" level="INFO">Clicking button 'xpath=//*[@id="cb-form"]/div[5]/input'.</msg>
<status status="PASS" starttime="20190816 11:30:21.340" endtime="20190816 11:30:21.497"></status>
</kw>
<kw name="Sleep" library="BuiltIn">
<doc>Pauses the test executed for the given time.</doc>
<arguments>
<arg>3s</arg>
</arguments>
<msg timestamp="20190816 11:30:24.500" level="INFO">Slept 3 seconds</msg>
<status status="PASS" starttime="20190816 11:30:21.498" endtime="20190816 11:30:24.500"></status>
</kw>
<kw name="Close Browser" library="SeleniumLibrary">
<doc>Closes the current browser.</doc>
<status status="PASS" starttime="20190816 11:30:24.500" endtime="20190816 11:30:27.095"></status>
</kw>
<doc>This is some basic info about the test</doc>
<tags>
<tag>Smoke</tag>
</tags>
<status status="PASS" starttime="20190816 11:30:04.472" endtime="20190816 11:30:27.095" critical="yes"></status>
</test>
<doc>This is some basic info about the whole suite</doc>
<status status="PASS" starttime="20190816 11:30:03.573" endtime="20190816 11:30:27.097"></status>
</suite>
<statistics>
<total>
<stat pass="1" fail="0">Critical Tests</stat>
<stat pass="1" fail="0">All Tests</stat>
</total>
<tag>
<stat pass="1" fail="0">Smoke</stat>
</tag>
<suite>
<stat pass="1" fail="0" id="s1" name="Elmir">Elmir</stat>
</suite>
</statistics>
<errors>
</errors>
</robot>
