<?xml version="1.0" encoding="UTF-8"?>
<robot generator="Robot 3.1.1 (Python 3.7.2 on win32)" generated="20190312 11:16:21.276" rpa="false">
<suite id="s1" name="Elmir" source="D:\Succses Factors\2019\Robot\development\robot-scripts\first-script\Tests\elmir.robot">
<test id="s1-t1" name="1) User can serch for product">
<kw name="Open Browser" library="SeleniumLibrary">
<doc>Opens a new browser instance to the given ``url``.</doc>
<arguments>
<arg>https://elmir.ua</arg>
<arg>chrome</arg>
</arguments>
<msg timestamp="20190312 11:16:21.979" level="INFO">Opening browser 'chrome' to base url 'https://elmir.ua'.</msg>
<status status="PASS" starttime="20190312 11:16:21.978" endtime="20190312 11:16:27.667"></status>
</kw>
<kw name="Maximize Browser Window" library="SeleniumLibrary">
<doc>Maximizes current browser window.</doc>
<status status="PASS" starttime="20190312 11:16:27.667" endtime="20190312 11:16:28.799"></status>
</kw>
<kw name="Wait Until Page Contains" library="SeleniumLibrary">
<doc>Waits until ``text`` appears on current page.</doc>
<arguments>
<arg>Контакты</arg>
</arguments>
<status status="PASS" starttime="20190312 11:16:28.799" endtime="20190312 11:16:28.828"></status>
</kw>
<kw name="Input Text" library="SeleniumLibrary">
<doc>Types the given ``text`` into text field identified by ``locator``.</doc>
<arguments>
<arg>id=q</arg>
<arg>core i5-7400</arg>
</arguments>
<msg timestamp="20190312 11:16:28.829" level="INFO">Typing text 'core i5-7400' into text field 'id=q'.</msg>
<status status="PASS" starttime="20190312 11:16:28.829" endtime="20190312 11:16:28.946"></status>
</kw>
<kw name="Click Button" library="SeleniumLibrary">
<doc>Clicks button identified by ``locator``.</doc>
<arguments>
<arg>xpath=//*[@id="find"]</arg>
</arguments>
<msg timestamp="20190312 11:16:28.947" level="INFO">Clicking button 'xpath=//*[@id="find"]'.</msg>
<status status="PASS" starttime="20190312 11:16:28.946" endtime="20190312 11:16:30.927"></status>
</kw>
<kw name="Sleep" library="BuiltIn">
<doc>Pauses the test executed for the given time.</doc>
<arguments>
<arg>5s</arg>
</arguments>
<msg timestamp="20190312 11:16:35.930" level="INFO">Slept 5 seconds</msg>
<status status="PASS" starttime="20190312 11:16:30.928" endtime="20190312 11:16:35.930"></status>
</kw>
<kw name="Close Browser" library="SeleniumLibrary">
<doc>Closes the current browser.</doc>
<status status="PASS" starttime="20190312 11:16:35.930" endtime="20190312 11:16:38.473"></status>
</kw>
<doc>This is some basic info about the test</doc>
<tags>
<tag>Smoke</tag>
</tags>
<status status="PASS" starttime="20190312 11:16:21.978" endtime="20190312 11:16:38.473" critical="yes"></status>
</test>
<test id="s1-t2" name="1.1) User can serch for product">
<kw name="Open Browser" library="SeleniumLibrary">
<doc>Opens a new browser instance to the given ``url``.</doc>
<arguments>
<arg>https://elmir.ua</arg>
<arg>chrome</arg>
</arguments>
<msg timestamp="20190312 11:16:38.476" level="INFO">Opening browser 'chrome' to base url 'https://elmir.ua'.</msg>
<status status="PASS" starttime="20190312 11:16:38.475" endtime="20190312 11:16:43.848"></status>
</kw>
<kw name="Maximize Browser Window" library="SeleniumLibrary">
<doc>Maximizes current browser window.</doc>
<status status="PASS" starttime="20190312 11:16:43.849" endtime="20190312 11:16:45.095"></status>
</kw>
<kw name="Wait Until Page Contains" library="SeleniumLibrary">
<doc>Waits until ``text`` appears on current page.</doc>
<arguments>
<arg>Контакты</arg>
</arguments>
<status status="PASS" starttime="20190312 11:16:45.095" endtime="20190312 11:16:45.129"></status>
</kw>
<kw name="Input Text" library="SeleniumLibrary">
<doc>Types the given ``text`` into text field identified by ``locator``.</doc>
<arguments>
<arg>id=q</arg>
<arg>DVD-R Verbatim</arg>
</arguments>
<msg timestamp="20190312 11:16:45.129" level="INFO">Typing text 'DVD-R Verbatim' into text field 'id=q'.</msg>
<status status="PASS" starttime="20190312 11:16:45.129" endtime="20190312 11:16:45.321"></status>
</kw>
<kw name="Press Key" library="SeleniumLibrary">
<doc>Deprecated use `Press Keys` instead.</doc>
<arguments>
<arg>name=q</arg>
<arg>\\13</arg>
</arguments>
<status status="PASS" starttime="20190312 11:16:45.322" endtime="20190312 11:16:47.595"></status>
</kw>
<kw name="Sleep" library="BuiltIn">
<doc>Pauses the test executed for the given time.</doc>
<arguments>
<arg>5s</arg>
</arguments>
<msg timestamp="20190312 11:16:52.598" level="INFO">Slept 5 seconds</msg>
<status status="PASS" starttime="20190312 11:16:47.596" endtime="20190312 11:16:52.598"></status>
</kw>
<kw name="Close Browser" library="SeleniumLibrary">
<doc>Closes the current browser.</doc>
<status status="PASS" starttime="20190312 11:16:52.598" endtime="20190312 11:16:55.128"></status>
</kw>
<doc>This is some basic info about the test</doc>
<tags>
<tag>Smoke</tag>
</tags>
<status status="PASS" starttime="20190312 11:16:38.475" endtime="20190312 11:16:55.128" critical="yes"></status>
</test>
<test id="s1-t3" name="2) User can view a product">
<kw name="Open Browser" library="SeleniumLibrary">
<doc>Opens a new browser instance to the given ``url``.</doc>
<arguments>
<arg>https://elmir.ua</arg>
<arg>chrome</arg>
</arguments>
<msg timestamp="20190312 11:16:55.130" level="INFO">Opening browser 'chrome' to base url 'https://elmir.ua'.</msg>
<status status="PASS" starttime="20190312 11:16:55.130" endtime="20190312 11:17:00.172"></status>
</kw>
<kw name="Maximize Browser Window" library="SeleniumLibrary">
<doc>Maximizes current browser window.</doc>
<status status="PASS" starttime="20190312 11:17:00.172" endtime="20190312 11:17:01.301"></status>
</kw>
<kw name="Wait Until Page Contains" library="SeleniumLibrary">
<doc>Waits until ``text`` appears on current page.</doc>
<arguments>
<arg>Контакты</arg>
</arguments>
<status status="PASS" starttime="20190312 11:17:01.303" endtime="20190312 11:17:01.335"></status>
</kw>
<kw name="Input Text" library="SeleniumLibrary">
<doc>Types the given ``text`` into text field identified by ``locator``.</doc>
<arguments>
<arg>id=q</arg>
<arg>core i5-7400</arg>
</arguments>
<msg timestamp="20190312 11:17:01.336" level="INFO">Typing text 'core i5-7400' into text field 'id=q'.</msg>
<status status="PASS" starttime="20190312 11:17:01.335" endtime="20190312 11:17:01.471"></status>
</kw>
<kw name="Click Button" library="SeleniumLibrary">
<doc>Clicks button identified by ``locator``.</doc>
<arguments>
<arg>xpath=//*[@id="find"]</arg>
</arguments>
<msg timestamp="20190312 11:17:01.472" level="INFO">Clicking button 'xpath=//*[@id="find"]'.</msg>
<status status="PASS" starttime="20190312 11:17:01.472" endtime="20190312 11:17:03.189"></status>
</kw>
<kw name="Sleep" library="BuiltIn">
<doc>Pauses the test executed for the given time.</doc>
<arguments>
<arg>2s</arg>
</arguments>
<msg timestamp="20190312 11:17:05.192" level="INFO">Slept 2 seconds</msg>
<status status="PASS" starttime="20190312 11:17:03.190" endtime="20190312 11:17:05.192"></status>
</kw>
<kw name="Click Link" library="SeleniumLibrary">
<doc>Clicks a link identified by ``locator``.</doc>
<arguments>
<arg>css=#name423799</arg>
</arguments>
<msg timestamp="20190312 11:17:05.192" level="INFO">Clicking link 'css=#name423799'.</msg>
<status status="PASS" starttime="20190312 11:17:05.192" endtime="20190312 11:17:06.658"></status>
</kw>
<kw name="Sleep" library="BuiltIn">
<doc>Pauses the test executed for the given time.</doc>
<arguments>
<arg>5s</arg>
</arguments>
<msg timestamp="20190312 11:17:11.661" level="INFO">Slept 5 seconds</msg>
<status status="PASS" starttime="20190312 11:17:06.659" endtime="20190312 11:17:11.661"></status>
</kw>
<kw name="Close Browser" library="SeleniumLibrary">
<doc>Closes the current browser.</doc>
<status status="PASS" starttime="20190312 11:17:11.661" endtime="20190312 11:17:14.196"></status>
</kw>
<doc>This is some basic info about the test</doc>
<tags>
<tag>Smoke</tag>
</tags>
<status status="PASS" starttime="20190312 11:16:55.130" endtime="20190312 11:17:14.196" critical="yes"></status>
</test>
<test id="s1-t4" name="3) User can add 4 items to cart">
<kw name="Open Browser" library="SeleniumLibrary">
<doc>Opens a new browser instance to the given ``url``.</doc>
<arguments>
<arg>https://elmir.ua</arg>
<arg>chrome</arg>
</arguments>
<msg timestamp="20190312 11:17:14.199" level="INFO">Opening browser 'chrome' to base url 'https://elmir.ua'.</msg>
<status status="PASS" starttime="20190312 11:17:14.199" endtime="20190312 11:17:19.534"></status>
</kw>
<kw name="Maximize Browser Window" library="SeleniumLibrary">
<doc>Maximizes current browser window.</doc>
<status status="PASS" starttime="20190312 11:17:19.535" endtime="20190312 11:17:20.662"></status>
</kw>
<kw name="Wait Until Page Contains" library="SeleniumLibrary">
<doc>Waits until ``text`` appears on current page.</doc>
<arguments>
<arg>Контакты</arg>
</arguments>
<status status="PASS" starttime="20190312 11:17:20.663" endtime="20190312 11:17:20.683"></status>
</kw>
<kw name="Input Text" library="SeleniumLibrary">
<doc>Types the given ``text`` into text field identified by ``locator``.</doc>
<arguments>
<arg>id=q</arg>
<arg>core i5-7400</arg>
</arguments>
<msg timestamp="20190312 11:17:20.684" level="INFO">Typing text 'core i5-7400' into text field 'id=q'.</msg>
<status status="PASS" starttime="20190312 11:17:20.684" endtime="20190312 11:17:20.802"></status>
</kw>
<kw name="Click Button" library="SeleniumLibrary">
<doc>Clicks button identified by ``locator``.</doc>
<arguments>
<arg>xpath=//*[@id="find"]</arg>
</arguments>
<msg timestamp="20190312 11:17:20.803" level="INFO">Clicking button 'xpath=//*[@id="find"]'.</msg>
<status status="PASS" starttime="20190312 11:17:20.803" endtime="20190312 11:17:22.505"></status>
</kw>
<kw name="Sleep" library="BuiltIn">
<doc>Pauses the test executed for the given time.</doc>
<arguments>
<arg>2s</arg>
</arguments>
<msg timestamp="20190312 11:17:24.515" level="INFO">Slept 2 seconds</msg>
<status status="PASS" starttime="20190312 11:17:22.512" endtime="20190312 11:17:24.515"></status>
</kw>
<kw name="Click Link" library="SeleniumLibrary">
<doc>Clicks a link identified by ``locator``.</doc>
<arguments>
<arg>css=#name423799</arg>
</arguments>
<msg timestamp="20190312 11:17:24.515" level="INFO">Clicking link 'css=#name423799'.</msg>
<status status="PASS" starttime="20190312 11:17:24.515" endtime="20190312 11:17:26.218"></status>
</kw>
<kw name="Click Element" library="SeleniumLibrary">
<doc>Click element identified by ``locator``.</doc>
<arguments>
<arg>xpath=//span[@class="tovar-price icon"]/..//a</arg>
</arguments>
<msg timestamp="20190312 11:17:26.218" level="INFO">Clicking element 'xpath=//span[@class="tovar-price icon"]/..//a'.</msg>
<status status="PASS" starttime="20190312 11:17:26.218" endtime="20190312 11:17:26.330"></status>
</kw>
<kw name="Sleep" library="BuiltIn">
<doc>Pauses the test executed for the given time.</doc>
<arguments>
<arg>2s</arg>
</arguments>
<msg timestamp="20190312 11:17:28.334" level="INFO">Slept 2 seconds</msg>
<status status="PASS" starttime="20190312 11:17:26.332" endtime="20190312 11:17:28.334"></status>
</kw>
<kw name="Click Element" library="SeleniumLibrary">
<doc>Click element identified by ``locator``.</doc>
<arguments>
<arg>xpath=//span[@class="tovar-price icon"]/..//a</arg>
</arguments>
<msg timestamp="20190312 11:17:28.334" level="INFO">Clicking element 'xpath=//span[@class="tovar-price icon"]/..//a'.</msg>
<status status="PASS" starttime="20190312 11:17:28.334" endtime="20190312 11:17:28.438"></status>
</kw>
<kw name="Sleep" library="BuiltIn">
<doc>Pauses the test executed for the given time.</doc>
<arguments>
<arg>2s</arg>
</arguments>
<msg timestamp="20190312 11:17:30.441" level="INFO">Slept 2 seconds</msg>
<status status="PASS" starttime="20190312 11:17:28.439" endtime="20190312 11:17:30.441"></status>
</kw>
<kw name="Click Element" library="SeleniumLibrary">
<doc>Click element identified by ``locator``.</doc>
<arguments>
<arg>xpath=//span[@class="tovar-price icon"]/..//a</arg>
</arguments>
<msg timestamp="20190312 11:17:30.441" level="INFO">Clicking element 'xpath=//span[@class="tovar-price icon"]/..//a'.</msg>
<status status="PASS" starttime="20190312 11:17:30.441" endtime="20190312 11:17:30.493"></status>
</kw>
<kw name="Sleep" library="BuiltIn">
<doc>Pauses the test executed for the given time.</doc>
<arguments>
<arg>2s</arg>
</arguments>
<msg timestamp="20190312 11:17:32.495" level="INFO">Slept 2 seconds</msg>
<status status="PASS" starttime="20190312 11:17:30.494" endtime="20190312 11:17:32.495"></status>
</kw>
<kw name="Click Element" library="SeleniumLibrary">
<doc>Click element identified by ``locator``.</doc>
<arguments>
<arg>xpath=//span[@class="tovar-price icon"]/..//a</arg>
</arguments>
<msg timestamp="20190312 11:17:32.502" level="INFO">Clicking element 'xpath=//span[@class="tovar-price icon"]/..//a'.</msg>
<status status="PASS" starttime="20190312 11:17:32.501" endtime="20190312 11:17:32.556"></status>
</kw>
<kw name="Sleep" library="BuiltIn">
<doc>Pauses the test executed for the given time.</doc>
<arguments>
<arg>5s</arg>
</arguments>
<msg timestamp="20190312 11:17:37.557" level="INFO">Slept 5 seconds</msg>
<status status="PASS" starttime="20190312 11:17:32.556" endtime="20190312 11:17:37.557"></status>
</kw>
<kw name="Close Browser" library="SeleniumLibrary">
<doc>Closes the current browser.</doc>
<status status="PASS" starttime="20190312 11:17:37.557" endtime="20190312 11:17:40.089"></status>
</kw>
<doc>This is some basic info about the test</doc>
<tags>
<tag>Smoke</tag>
</tags>
<status status="PASS" starttime="20190312 11:17:14.199" endtime="20190312 11:17:40.089" critical="yes"></status>
</test>
<test id="s1-t5" name="4) User can buy product">
<kw name="Open Browser" library="SeleniumLibrary">
<doc>Opens a new browser instance to the given ``url``.</doc>
<arguments>
<arg>https://elmir.ua</arg>
<arg>chrome</arg>
</arguments>
<msg timestamp="20190312 11:17:40.091" level="INFO">Opening browser 'chrome' to base url 'https://elmir.ua'.</msg>
<status status="PASS" starttime="20190312 11:17:40.091" endtime="20190312 11:17:45.539"></status>
</kw>
<kw name="Maximize Browser Window" library="SeleniumLibrary">
<doc>Maximizes current browser window.</doc>
<status status="PASS" starttime="20190312 11:17:45.539" endtime="20190312 11:17:46.670"></status>
</kw>
<kw name="Wait Until Page Contains" library="SeleniumLibrary">
<doc>Waits until ``text`` appears on current page.</doc>
<arguments>
<arg>Контакты</arg>
</arguments>
<status status="PASS" starttime="20190312 11:17:46.670" endtime="20190312 11:17:46.692"></status>
</kw>
<kw name="Input Text" library="SeleniumLibrary">
<doc>Types the given ``text`` into text field identified by ``locator``.</doc>
<arguments>
<arg>id=q</arg>
<arg>core i5-7400</arg>
</arguments>
<msg timestamp="20190312 11:17:46.693" level="INFO">Typing text 'core i5-7400' into text field 'id=q'.</msg>
<status status="PASS" starttime="20190312 11:17:46.692" endtime="20190312 11:17:46.822"></status>
</kw>
<kw name="Click Button" library="SeleniumLibrary">
<doc>Clicks button identified by ``locator``.</doc>
<arguments>
<arg>xpath=//*[@id="find"]</arg>
</arguments>
<msg timestamp="20190312 11:17:46.823" level="INFO">Clicking button 'xpath=//*[@id="find"]'.</msg>
<status status="PASS" starttime="20190312 11:17:46.822" endtime="20190312 11:17:48.835"></status>
</kw>
<kw name="Sleep" library="BuiltIn">
<doc>Pauses the test executed for the given time.</doc>
<arguments>
<arg>2s</arg>
</arguments>
<msg timestamp="20190312 11:17:50.835" level="INFO">Slept 2 seconds</msg>
<status status="PASS" starttime="20190312 11:17:48.835" endtime="20190312 11:17:50.835"></status>
</kw>
<kw name="Click Link" library="SeleniumLibrary">
<doc>Clicks a link identified by ``locator``.</doc>
<arguments>
<arg>css=#name423799</arg>
</arguments>
<msg timestamp="20190312 11:17:50.835" level="INFO">Clicking link 'css=#name423799'.</msg>
<status status="PASS" starttime="20190312 11:17:50.835" endtime="20190312 11:17:52.600"></status>
</kw>
<kw name="Click Element" library="SeleniumLibrary">
<doc>Click element identified by ``locator``.</doc>
<arguments>
<arg>xpath=//span[@class="tovar-price icon"]/..//a</arg>
</arguments>
<msg timestamp="20190312 11:17:52.602" level="INFO">Clicking element 'xpath=//span[@class="tovar-price icon"]/..//a'.</msg>
<status status="PASS" starttime="20190312 11:17:52.602" endtime="20190312 11:17:52.699"></status>
</kw>
<kw name="Sleep" library="BuiltIn">
<doc>Pauses the test executed for the given time.</doc>
<arguments>
<arg>2</arg>
</arguments>
<msg timestamp="20190312 11:17:54.702" level="INFO">Slept 2 seconds</msg>
<status status="PASS" starttime="20190312 11:17:52.701" endtime="20190312 11:17:54.702"></status>
</kw>
<kw name="Click Element" library="SeleniumLibrary">
<doc>Click element identified by ``locator``.</doc>
<arguments>
<arg>xpath=//*[@id="basket-text"]</arg>
</arguments>
<msg timestamp="20190312 11:17:54.703" level="INFO">Clicking element 'xpath=//*[@id="basket-text"]'.</msg>
<status status="PASS" starttime="20190312 11:17:54.702" endtime="20190312 11:17:56.379"></status>
</kw>
<kw name="Sleep" library="BuiltIn">
<doc>Pauses the test executed for the given time.</doc>
<arguments>
<arg>2s</arg>
</arguments>
<msg timestamp="20190312 11:17:58.380" level="INFO">Slept 2 seconds</msg>
<status status="PASS" starttime="20190312 11:17:56.380" endtime="20190312 11:17:58.380"></status>
</kw>
<kw name="Click Element" library="SeleniumLibrary">
<doc>Click element identified by ``locator``.</doc>
<arguments>
<arg>xpath=//*[@id="show-steps"]</arg>
</arguments>
<msg timestamp="20190312 11:17:58.381" level="INFO">Clicking element 'xpath=//*[@id="show-steps"]'.</msg>
<status status="PASS" starttime="20190312 11:17:58.380" endtime="20190312 11:17:58.469"></status>
</kw>
<kw name="Sleep" library="BuiltIn">
<doc>Pauses the test executed for the given time.</doc>
<arguments>
<arg>2s</arg>
</arguments>
<msg timestamp="20190312 11:18:00.471" level="INFO">Slept 2 seconds</msg>
<status status="PASS" starttime="20190312 11:17:58.469" endtime="20190312 11:18:00.471"></status>
</kw>
<kw name="Input Text" library="SeleniumLibrary">
<doc>Types the given ``text`` into text field identified by ``locator``.</doc>
<arguments>
<arg>id=surname</arg>
<arg>Зеленский</arg>
</arguments>
<msg timestamp="20190312 11:18:00.471" level="INFO">Typing text 'Зеленский' into text field 'id=surname'.</msg>
<status status="PASS" starttime="20190312 11:18:00.471" endtime="20190312 11:18:00.572"></status>
</kw>
<kw name="Sleep" library="BuiltIn">
<doc>Pauses the test executed for the given time.</doc>
<arguments>
<arg>1</arg>
</arguments>
<msg timestamp="20190312 11:18:01.574" level="INFO">Slept 1 second</msg>
<status status="PASS" starttime="20190312 11:18:00.572" endtime="20190312 11:18:01.574"></status>
</kw>
<kw name="Input Text" library="SeleniumLibrary">
<doc>Types the given ``text`` into text field identified by ``locator``.</doc>
<arguments>
<arg>id=name</arg>
<arg>Владимир</arg>
</arguments>
<msg timestamp="20190312 11:18:01.574" level="INFO">Typing text 'Владимир' into text field 'id=name'.</msg>
<status status="PASS" starttime="20190312 11:18:01.574" endtime="20190312 11:18:01.662"></status>
</kw>
<kw name="Sleep" library="BuiltIn">
<doc>Pauses the test executed for the given time.</doc>
<arguments>
<arg>1</arg>
</arguments>
<msg timestamp="20190312 11:18:02.662" level="INFO">Slept 1 second</msg>
<status status="PASS" starttime="20190312 11:18:01.662" endtime="20190312 11:18:02.662"></status>
</kw>
<kw name="Input Text" library="SeleniumLibrary">
<doc>Types the given ``text`` into text field identified by ``locator``.</doc>
<arguments>
<arg>id=patronymic</arg>
<arg>Александрович</arg>
</arguments>
<msg timestamp="20190312 11:18:02.663" level="INFO">Typing text 'Александрович' into text field 'id=patronymic'.</msg>
<status status="PASS" starttime="20190312 11:18:02.662" endtime="20190312 11:18:02.772"></status>
</kw>
<kw name="Sleep" library="BuiltIn">
<doc>Pauses the test executed for the given time.</doc>
<arguments>
<arg>1</arg>
</arguments>
<msg timestamp="20190312 11:18:03.774" level="INFO">Slept 1 second</msg>
<status status="PASS" starttime="20190312 11:18:02.773" endtime="20190312 11:18:03.774"></status>
</kw>
<kw name="Input Text" library="SeleniumLibrary">
<doc>Types the given ``text`` into text field identified by ``locator``.</doc>
<arguments>
<arg>id=email</arg>
<arg>mr_president@gmail.com</arg>
</arguments>
<msg timestamp="20190312 11:18:03.775" level="INFO">Typing text 'mr_president@gmail.com' into text field 'id=email'.</msg>
<status status="PASS" starttime="20190312 11:18:03.774" endtime="20190312 11:18:03.922"></status>
</kw>
<kw name="Sleep" library="BuiltIn">
<doc>Pauses the test executed for the given time.</doc>
<arguments>
<arg>1</arg>
</arguments>
<msg timestamp="20190312 11:18:04.923" level="INFO">Slept 1 second</msg>
<status status="PASS" starttime="20190312 11:18:03.922" endtime="20190312 11:18:04.923"></status>
</kw>
<kw name="Input Text" library="SeleniumLibrary">
<doc>Types the given ``text`` into text field identified by ``locator``.</doc>
<arguments>
<arg>id=phone</arg>
<arg>1234567</arg>
</arguments>
<msg timestamp="20190312 11:18:04.923" level="INFO">Typing text '1234567' into text field 'id=phone'.</msg>
<status status="PASS" starttime="20190312 11:18:04.923" endtime="20190312 11:18:05.018"></status>
</kw>
<kw name="Sleep" library="BuiltIn">
<doc>Pauses the test executed for the given time.</doc>
<arguments>
<arg>1</arg>
</arguments>
<msg timestamp="20190312 11:18:06.019" level="INFO">Slept 1 second</msg>
<status status="PASS" starttime="20190312 11:18:05.018" endtime="20190312 11:18:06.019"></status>
</kw>
<kw name="Click Element" library="SeleniumLibrary">
<doc>Click element identified by ``locator``.</doc>
<arguments>
<arg>xpath=//*[@id="form-step-1"]/div/table/tbody/tr[6]/td[2]/span</arg>
</arguments>
<msg timestamp="20190312 11:18:06.019" level="INFO">Clicking element 'xpath=//*[@id="form-step-1"]/div/table/tbody/tr[6]/td[2]/span'.</msg>
<status status="PASS" starttime="20190312 11:18:06.019" endtime="20190312 11:18:06.088"></status>
</kw>
<kw name="Sleep" library="BuiltIn">
<doc>Pauses the test executed for the given time.</doc>
<arguments>
<arg>4</arg>
</arguments>
<msg timestamp="20190312 11:18:10.091" level="INFO">Slept 4 seconds</msg>
<status status="PASS" starttime="20190312 11:18:06.088" endtime="20190312 11:18:10.091"></status>
</kw>
<kw name="Wait Until Element Is Visible" library="SeleniumLibrary">
<doc>Waits until element ``locator`` is visible.</doc>
<arguments>
<arg>//*[@id="sc-1"]</arg>
</arguments>
<status status="PASS" starttime="20190312 11:18:10.092" endtime="20190312 11:18:10.117"></status>
</kw>
<kw name="Click Element" library="SeleniumLibrary">
<doc>Click element identified by ``locator``.</doc>
<arguments>
<arg>xpath=//*[@id="sc-1"]</arg>
</arguments>
<msg timestamp="20190312 11:18:10.118" level="INFO">Clicking element 'xpath=//*[@id="sc-1"]'.</msg>
<status status="PASS" starttime="20190312 11:18:10.118" endtime="20190312 11:18:10.173"></status>
</kw>
<kw name="Sleep" library="BuiltIn">
<doc>Pauses the test executed for the given time.</doc>
<arguments>
<arg>2</arg>
</arguments>
<msg timestamp="20190312 11:18:12.175" level="INFO">Slept 2 seconds</msg>
<status status="PASS" starttime="20190312 11:18:10.174" endtime="20190312 11:18:12.175"></status>
</kw>
<kw name="Click Button" library="SeleniumLibrary">
<doc>Clicks button identified by ``locator``.</doc>
<arguments>
<arg>xpath=//*[@id="change-city-form"]/form/div/button</arg>
</arguments>
<msg timestamp="20190312 11:18:12.175" level="INFO">Clicking button 'xpath=//*[@id="change-city-form"]/form/div/button'.</msg>
<status status="PASS" starttime="20190312 11:18:12.175" endtime="20190312 11:18:12.255"></status>
</kw>
<kw name="Sleep" library="BuiltIn">
<doc>Pauses the test executed for the given time.</doc>
<arguments>
<arg>2</arg>
</arguments>
<msg timestamp="20190312 11:18:14.259" level="INFO">Slept 2 seconds</msg>
<status status="PASS" starttime="20190312 11:18:12.256" endtime="20190312 11:18:14.259"></status>
</kw>
<kw name="Input Text" library="SeleniumLibrary">
<doc>Types the given ``text`` into text field identified by ``locator``.</doc>
<arguments>
<arg>id=comment</arg>
<arg>Vova mi tebya gdem...</arg>
</arguments>
<msg timestamp="20190312 11:18:14.259" level="INFO">Typing text 'Vova mi tebya gdem...' into text field 'id=comment'.</msg>
<status status="PASS" starttime="20190312 11:18:14.259" endtime="20190312 11:18:14.396"></status>
</kw>
<kw name="Sleep" library="BuiltIn">
<doc>Pauses the test executed for the given time.</doc>
<arguments>
<arg>2</arg>
</arguments>
<msg timestamp="20190312 11:18:16.398" level="INFO">Slept 2 seconds</msg>
<status status="PASS" starttime="20190312 11:18:14.396" endtime="20190312 11:18:16.398"></status>
</kw>
<kw name="Click Button" library="SeleniumLibrary">
<doc>Clicks button identified by ``locator``.</doc>
<arguments>
<arg>xpath=//*[@id="next-step-1"]</arg>
</arguments>
<msg timestamp="20190312 11:18:16.398" level="INFO">Clicking button 'xpath=//*[@id="next-step-1"]'.</msg>
<status status="PASS" starttime="20190312 11:18:16.398" endtime="20190312 11:18:16.500"></status>
</kw>
<kw name="Sleep" library="BuiltIn">
<doc>Pauses the test executed for the given time.</doc>
<arguments>
<arg>4</arg>
</arguments>
<msg timestamp="20190312 11:18:20.501" level="INFO">Slept 4 seconds</msg>
<status status="PASS" starttime="20190312 11:18:16.500" endtime="20190312 11:18:20.501"></status>
</kw>
<kw name="Click Button" library="SeleniumLibrary">
<doc>Clicks button identified by ``locator``.</doc>
<arguments>
<arg>xpath=//*[@id="dt-1"]</arg>
</arguments>
<msg timestamp="20190312 11:18:20.501" level="INFO">Clicking button 'xpath=//*[@id="dt-1"]'.</msg>
<status status="PASS" starttime="20190312 11:18:20.501" endtime="20190312 11:18:20.682"></status>
</kw>
<kw name="Sleep" library="BuiltIn">
<doc>Pauses the test executed for the given time.</doc>
<arguments>
<arg>5</arg>
</arguments>
<msg timestamp="20190312 11:18:25.686" level="INFO">Slept 5 seconds</msg>
<status status="PASS" starttime="20190312 11:18:20.686" endtime="20190312 11:18:25.686"></status>
</kw>
<kw name="Click Button" library="SeleniumLibrary">
<doc>Clicks button identified by ``locator``.</doc>
<arguments>
<arg>xpath=//*[@id="post_4687"]</arg>
</arguments>
<msg timestamp="20190312 11:18:25.686" level="INFO">Clicking button 'xpath=//*[@id="post_4687"]'.</msg>
<status status="PASS" starttime="20190312 11:18:25.686" endtime="20190312 11:18:25.788"></status>
</kw>
<kw name="Sleep" library="BuiltIn">
<doc>Pauses the test executed for the given time.</doc>
<arguments>
<arg>2</arg>
</arguments>
<msg timestamp="20190312 11:18:27.789" level="INFO">Slept 2 seconds</msg>
<status status="PASS" starttime="20190312 11:18:25.789" endtime="20190312 11:18:27.789"></status>
</kw>
<kw name="Click Button" library="SeleniumLibrary">
<doc>Clicks button identified by ``locator``.</doc>
<arguments>
<arg>xpath=//*[@id="next-step-2"]</arg>
</arguments>
<msg timestamp="20190312 11:18:27.790" level="INFO">Clicking button 'xpath=//*[@id="next-step-2"]'.</msg>
<status status="PASS" starttime="20190312 11:18:27.789" endtime="20190312 11:18:27.890"></status>
</kw>
<kw name="Sleep" library="BuiltIn">
<doc>Pauses the test executed for the given time.</doc>
<arguments>
<arg>2</arg>
</arguments>
<msg timestamp="20190312 11:18:29.891" level="INFO">Slept 2 seconds</msg>
<status status="PASS" starttime="20190312 11:18:27.890" endtime="20190312 11:18:29.891"></status>
</kw>
<kw name="Click Button" library="SeleniumLibrary">
<doc>Clicks button identified by ``locator``.</doc>
<arguments>
<arg>xpath=//*[@id="payment_0"]</arg>
</arguments>
<msg timestamp="20190312 11:18:29.891" level="INFO">Clicking button 'xpath=//*[@id="payment_0"]'.</msg>
<status status="PASS" starttime="20190312 11:18:29.891" endtime="20190312 11:18:29.962"></status>
</kw>
<kw name="Sleep" library="BuiltIn">
<doc>Pauses the test executed for the given time.</doc>
<arguments>
<arg>2</arg>
</arguments>
<msg timestamp="20190312 11:18:31.964" level="INFO">Slept 2 seconds</msg>
<status status="PASS" starttime="20190312 11:18:29.963" endtime="20190312 11:18:31.964"></status>
</kw>
<kw name="Click Button" library="SeleniumLibrary">
<doc>Clicks button identified by ``locator``.</doc>
<arguments>
<arg>xpath=//*[@id="next-step-3"]</arg>
</arguments>
<msg timestamp="20190312 11:18:31.964" level="INFO">Clicking button 'xpath=//*[@id="next-step-3"]'.</msg>
<status status="PASS" starttime="20190312 11:18:31.964" endtime="20190312 11:18:32.076"></status>
</kw>
<kw name="Sleep" library="BuiltIn">
<doc>Pauses the test executed for the given time.</doc>
<arguments>
<arg>2</arg>
</arguments>
<msg timestamp="20190312 11:18:34.077" level="INFO">Slept 2 seconds</msg>
<status status="PASS" starttime="20190312 11:18:32.076" endtime="20190312 11:18:34.077"></status>
</kw>
<kw name="Click Button" library="SeleniumLibrary">
<doc>Clicks button identified by ``locator``.</doc>
<arguments>
<arg>xpath=//*[@id="email_notify"]</arg>
</arguments>
<msg timestamp="20190312 11:18:34.077" level="INFO">Clicking button 'xpath=//*[@id="email_notify"]'.</msg>
<status status="PASS" starttime="20190312 11:18:34.077" endtime="20190312 11:18:34.172"></status>
</kw>
<kw name="Sleep" library="BuiltIn">
<doc>Pauses the test executed for the given time.</doc>
<arguments>
<arg>2</arg>
</arguments>
<msg timestamp="20190312 11:18:36.173" level="INFO">Slept 2 seconds</msg>
<status status="PASS" starttime="20190312 11:18:34.172" endtime="20190312 11:18:36.173"></status>
</kw>
<kw name="Click Button" library="SeleniumLibrary">
<doc>Clicks button identified by ``locator``.</doc>
<arguments>
<arg>xpath=//*[@id="next-step-4"]</arg>
</arguments>
<msg timestamp="20190312 11:18:36.173" level="INFO">Clicking button 'xpath=//*[@id="next-step-4"]'.</msg>
<status status="PASS" starttime="20190312 11:18:36.173" endtime="20190312 11:18:36.261"></status>
</kw>
<kw name="Sleep" library="BuiltIn">
<doc>Pauses the test executed for the given time.</doc>
<arguments>
<arg>2</arg>
</arguments>
<msg timestamp="20190312 11:18:38.262" level="INFO">Slept 2 seconds</msg>
<status status="PASS" starttime="20190312 11:18:36.261" endtime="20190312 11:18:38.262"></status>
</kw>
<kw name="Close Browser" library="SeleniumLibrary">
<doc>Closes the current browser.</doc>
<status status="PASS" starttime="20190312 11:18:38.262" endtime="20190312 11:18:40.909"></status>
</kw>
<doc>This is some basic info about the test</doc>
<tags>
<tag>Smoke</tag>
</tags>
<status status="PASS" starttime="20190312 11:17:40.090" endtime="20190312 11:18:40.909" critical="yes"></status>
</test>
<test id="s1-t6" name="5) User can back call">
<kw name="Open Browser" library="SeleniumLibrary">
<doc>Opens a new browser instance to the given ``url``.</doc>
<arguments>
<arg>https://elmir.ua</arg>
<arg>chrome</arg>
</arguments>
<msg timestamp="20190312 11:18:40.911" level="INFO">Opening browser 'chrome' to base url 'https://elmir.ua'.</msg>
<status status="PASS" starttime="20190312 11:18:40.911" endtime="20190312 11:18:46.030"></status>
</kw>
<kw name="Maximize Browser Window" library="SeleniumLibrary">
<doc>Maximizes current browser window.</doc>
<status status="PASS" starttime="20190312 11:18:46.030" endtime="20190312 11:18:47.177"></status>
</kw>
<kw name="Wait Until Page Contains" library="SeleniumLibrary">
<doc>Waits until ``text`` appears on current page.</doc>
<arguments>
<arg>Контакты</arg>
</arguments>
<status status="PASS" starttime="20190312 11:18:47.178" endtime="20190312 11:18:47.202"></status>
</kw>
<kw name="Sleep" library="BuiltIn">
<doc>Pauses the test executed for the given time.</doc>
<arguments>
<arg>5s</arg>
</arguments>
<msg timestamp="20190312 11:18:52.204" level="INFO">Slept 5 seconds</msg>
<status status="PASS" starttime="20190312 11:18:47.203" endtime="20190312 11:18:52.204"></status>
</kw>
<kw name="Execute Javascript" library="SeleniumLibrary">
<doc>Executes the given JavaScript code with possible arguments.</doc>
<arguments>
<arg>window.scrollTo(0, document.body.scrollHeight)</arg>
</arguments>
<msg timestamp="20190312 11:18:52.207" level="INFO">Executing JavaScript:
window.scrollTo(0, document.body.scrollHeight)
Without any arguments.</msg>
<status status="PASS" starttime="20190312 11:18:52.206" endtime="20190312 11:18:52.213"></status>
</kw>
<kw name="Click Element" library="SeleniumLibrary">
<doc>Click element identified by ``locator``.</doc>
<arguments>
<arg>xpath: //span[@id="acallback"]</arg>
</arguments>
<msg timestamp="20190312 11:18:52.214" level="INFO">Clicking element 'xpath: //span[@id="acallback"]'.</msg>
<status status="PASS" starttime="20190312 11:18:52.213" endtime="20190312 11:18:52.419"></status>
</kw>
<kw name="Sleep" library="BuiltIn">
<doc>Pauses the test executed for the given time.</doc>
<arguments>
<arg>3s</arg>
</arguments>
<msg timestamp="20190312 11:18:55.422" level="INFO">Slept 3 seconds</msg>
<status status="PASS" starttime="20190312 11:18:52.420" endtime="20190312 11:18:55.422"></status>
</kw>
<kw name="Input Text" library="SeleniumLibrary">
<doc>Types the given ``text`` into text field identified by ``locator``.</doc>
<arguments>
<arg>id=special-tel</arg>
<arg>671231234</arg>
</arguments>
<msg timestamp="20190312 11:18:55.422" level="INFO">Typing text '671231234' into text field 'id=special-tel'.</msg>
<status status="PASS" starttime="20190312 11:18:55.422" endtime="20190312 11:18:55.515"></status>
</kw>
<kw name="Sleep" library="BuiltIn">
<doc>Pauses the test executed for the given time.</doc>
<arguments>
<arg>3s</arg>
</arguments>
<msg timestamp="20190312 11:18:58.516" level="INFO">Slept 3 seconds</msg>
<status status="PASS" starttime="20190312 11:18:55.515" endtime="20190312 11:18:58.516"></status>
</kw>
<kw name="Click Button" library="SeleniumLibrary">
<doc>Clicks button identified by ``locator``.</doc>
<arguments>
<arg>xpath=//*[@id="cb-form"]/div[5]/input</arg>
</arguments>
<msg timestamp="20190312 11:18:58.516" level="INFO">Clicking button 'xpath=//*[@id="cb-form"]/div[5]/input'.</msg>
<status status="PASS" starttime="20190312 11:18:58.516" endtime="20190312 11:19:03.689"></status>
</kw>
<kw name="Sleep" library="BuiltIn">
<doc>Pauses the test executed for the given time.</doc>
<arguments>
<arg>3s</arg>
</arguments>
<msg timestamp="20190312 11:19:06.691" level="INFO">Slept 3 seconds</msg>
<status status="PASS" starttime="20190312 11:19:03.690" endtime="20190312 11:19:06.691"></status>
</kw>
<kw name="Close Browser" library="SeleniumLibrary">
<doc>Closes the current browser.</doc>
<status status="PASS" starttime="20190312 11:19:06.691" endtime="20190312 11:19:09.214"></status>
</kw>
<doc>This is some basic info about the test</doc>
<tags>
<tag>Smoke</tag>
</tags>
<status status="PASS" starttime="20190312 11:18:40.910" endtime="20190312 11:19:09.214" critical="yes"></status>
</test>
<test id="s1-t7" name="6) Registration">
<kw name="Open Browser" library="SeleniumLibrary">
<doc>Opens a new browser instance to the given ``url``.</doc>
<arguments>
<arg>https://elmir.ua/registration.html</arg>
<arg>chrome</arg>
</arguments>
<msg timestamp="20190312 11:19:09.216" level="INFO">Opening browser 'chrome' to base url 'https://elmir.ua/registration.html'.</msg>
<status status="PASS" starttime="20190312 11:19:09.216" endtime="20190312 11:19:15.040"></status>
</kw>
<kw name="Maximize Browser Window" library="SeleniumLibrary">
<doc>Maximizes current browser window.</doc>
<status status="PASS" starttime="20190312 11:19:15.040" endtime="20190312 11:19:16.180"></status>
</kw>
<kw name="Wait Until Page Contains" library="SeleniumLibrary">
<doc>Waits until ``text`` appears on current page.</doc>
<arguments>
<arg>Контакты</arg>
</arguments>
<status status="PASS" starttime="20190312 11:19:16.181" endtime="20190312 11:19:16.216"></status>
</kw>
<kw name="Get Email" library="recource">
<assign>
<var>${em}</var>
</assign>
<kw name="Generate Random String" library="String">
<doc>Generates a string with a desired ``length`` from the given ``chars``.</doc>
<arguments>
<arg>8</arg>
<arg>[LOWER]</arg>
</arguments>
<assign>
<var>${faker_name}</var>
</assign>
<msg timestamp="20190312 11:19:16.217" level="INFO">${faker_name} = gawpiogg</msg>
<status status="PASS" starttime="20190312 11:19:16.217" endtime="20190312 11:19:16.218"></status>
</kw>
<kw name="Fetch From Left" library="String">
<doc>Returns contents of the ``string`` before the first occurrence of ``marker``.</doc>
<arguments>
<arg>test</arg>
<arg>@</arg>
</arguments>
<assign>
<var>${user}</var>
</assign>
<msg timestamp="20190312 11:19:16.218" level="INFO">${user} = test</msg>
<status status="PASS" starttime="20190312 11:19:16.218" endtime="20190312 11:19:16.218"></status>
</kw>
<kw name="Catenate" library="BuiltIn">
<doc>Catenates the given items together and returns the resulted string.</doc>
<arguments>
<arg>SEPARATOR=@</arg>
<arg>${faker_name}</arg>
<arg>${user}</arg>
</arguments>
<assign>
<var>${fake_mail}</var>
</assign>
<msg timestamp="20190312 11:19:16.219" level="INFO">${fake_mail} = gawpiogg@test</msg>
<status status="PASS" starttime="20190312 11:19:16.218" endtime="20190312 11:19:16.219"></status>
</kw>
<kw name="Catenate" library="BuiltIn">
<doc>Catenates the given items together and returns the resulted string.</doc>
<arguments>
<arg>SEPARATOR=+</arg>
<arg>${user}</arg>
<arg>${fake_mail}</arg>
</arguments>
<assign>
<var>${email}</var>
</assign>
<msg timestamp="20190312 11:19:16.219" level="INFO">${email} = test+gawpiogg@test</msg>
<status status="PASS" starttime="20190312 11:19:16.219" endtime="20190312 11:19:16.219"></status>
</kw>
<msg timestamp="20190312 11:19:16.220" level="INFO">${em} = test+gawpiogg@test.com</msg>
<status status="PASS" starttime="20190312 11:19:16.217" endtime="20190312 11:19:16.220"></status>
</kw>
<kw name="Log To Console" library="BuiltIn">
<doc>Logs the given message to the console.</doc>
<arguments>
<arg>${em}</arg>
</arguments>
<status status="PASS" starttime="20190312 11:19:16.221" endtime="20190312 11:19:16.222"></status>
</kw>
<kw name="Input Text" library="SeleniumLibrary">
<doc>Types the given ``text`` into text field identified by ``locator``.</doc>
<arguments>
<arg>id=email</arg>
<arg>${em}</arg>
</arguments>
<msg timestamp="20190312 11:19:16.223" level="INFO">Typing text 'test+gawpiogg@test.com' into text field 'id=email'.</msg>
<status status="PASS" starttime="20190312 11:19:16.222" endtime="20190312 11:19:16.467"></status>
</kw>
<kw name="Input Text" library="SeleniumLibrary">
<doc>Types the given ``text`` into text field identified by ``locator``.</doc>
<arguments>
<arg>id=password</arg>
<arg>$12345678</arg>
</arguments>
<msg timestamp="20190312 11:19:16.468" level="INFO">Typing text '$12345678' into text field 'id=password'.</msg>
<status status="PASS" starttime="20190312 11:19:16.468" endtime="20190312 11:19:16.571"></status>
</kw>
<kw name="Sleep" library="BuiltIn">
<doc>Pauses the test executed for the given time.</doc>
<arguments>
<arg>1s</arg>
</arguments>
<msg timestamp="20190312 11:19:17.574" level="INFO">Slept 1 second</msg>
<status status="PASS" starttime="20190312 11:19:16.573" endtime="20190312 11:19:17.574"></status>
</kw>
<kw name="Click Button" library="SeleniumLibrary">
<doc>Clicks button identified by ``locator``.</doc>
<arguments>
<arg>xpath: //*[@id="do-registration"]</arg>
</arguments>
<msg timestamp="20190312 11:19:17.574" level="INFO">Clicking button 'xpath: //*[@id="do-registration"]'.</msg>
<status status="PASS" starttime="20190312 11:19:17.574" endtime="20190312 11:19:17.680"></status>
</kw>
<kw name="Sleep" library="BuiltIn">
<doc>Pauses the test executed for the given time.</doc>
<arguments>
<arg>3s</arg>
</arguments>
<msg timestamp="20190312 11:19:20.683" level="INFO">Slept 3 seconds</msg>
<status status="PASS" starttime="20190312 11:19:17.680" endtime="20190312 11:19:20.683"></status>
</kw>
<kw name="Close Browser" library="SeleniumLibrary">
<doc>Closes the current browser.</doc>
<status status="PASS" starttime="20190312 11:19:20.684" endtime="20190312 11:19:23.386"></status>
</kw>
<doc>This is some basic info about the test</doc>
<tags>
<tag>Smoke</tag>
</tags>
<status status="PASS" starttime="20190312 11:19:09.216" endtime="20190312 11:19:23.386" critical="yes"></status>
</test>
<test id="s1-t8" name="7) User can">
<kw name="Open Browser" library="SeleniumLibrary">
<doc>Opens a new browser instance to the given ``url``.</doc>
<arguments>
<arg>https://elmir.ua</arg>
<arg>chrome</arg>
</arguments>
<msg timestamp="20190312 11:19:23.388" level="INFO">Opening browser 'chrome' to base url 'https://elmir.ua'.</msg>
<status status="PASS" starttime="20190312 11:19:23.387" endtime="20190312 11:19:29.027"></status>
</kw>
<kw name="Maximize Browser Window" library="SeleniumLibrary">
<doc>Maximizes current browser window.</doc>
<status status="PASS" starttime="20190312 11:19:29.028" endtime="20190312 11:19:30.251"></status>
</kw>
<kw name="Wait Until Page Contains" library="SeleniumLibrary">
<doc>Waits until ``text`` appears on current page.</doc>
<arguments>
<arg>Контакты</arg>
</arguments>
<status status="PASS" starttime="20190312 11:19:30.251" endtime="20190312 11:19:30.279"></status>
</kw>
<kw name="Click Element" library="SeleniumLibrary">
<doc>Click element identified by ``locator``.</doc>
<arguments>
<arg>xpath: //*[contains(text(), "Доставка")]</arg>
</arguments>
<msg timestamp="20190312 11:19:30.279" level="INFO">Clicking element 'xpath: //*[contains(text(), "Доставка")]'.</msg>
<status status="PASS" starttime="20190312 11:19:30.279" endtime="20190312 11:19:31.900"></status>
</kw>
<kw name="Sleep" library="BuiltIn">
<doc>Pauses the test executed for the given time.</doc>
<arguments>
<arg>3s</arg>
</arguments>
<msg timestamp="20190312 11:19:34.903" level="INFO">Slept 3 seconds</msg>
<status status="PASS" starttime="20190312 11:19:31.901" endtime="20190312 11:19:34.903"></status>
</kw>
<kw name="Click Element" library="SeleniumLibrary">
<doc>Click element identified by ``locator``.</doc>
<arguments>
<arg>xpath: //*[contains(text(), "Сервис")]</arg>
</arguments>
<msg timestamp="20190312 11:19:34.903" level="INFO">Clicking element 'xpath: //*[contains(text(), "Сервис")]'.</msg>
<status status="PASS" starttime="20190312 11:19:34.903" endtime="20190312 11:19:36.593"></status>
</kw>
<kw name="Sleep" library="BuiltIn">
<doc>Pauses the test executed for the given time.</doc>
<arguments>
<arg>3s</arg>
</arguments>
<msg timestamp="20190312 11:19:39.594" level="INFO">Slept 3 seconds</msg>
<status status="PASS" starttime="20190312 11:19:36.593" endtime="20190312 11:19:39.594"></status>
</kw>
<kw name="Click Element" library="SeleniumLibrary">
<doc>Click element identified by ``locator``.</doc>
<arguments>
<arg>xpath: //*[contains(text(), "Оплата")]</arg>
</arguments>
<msg timestamp="20190312 11:19:39.594" level="INFO">Clicking element 'xpath: //*[contains(text(), "Оплата")]'.</msg>
<status status="PASS" starttime="20190312 11:19:39.594" endtime="20190312 11:19:41.156"></status>
</kw>
<kw name="Sleep" library="BuiltIn">
<doc>Pauses the test executed for the given time.</doc>
<arguments>
<arg>3s</arg>
</arguments>
<msg timestamp="20190312 11:19:44.159" level="INFO">Slept 3 seconds</msg>
<status status="PASS" starttime="20190312 11:19:41.156" endtime="20190312 11:19:44.159"></status>
</kw>
<kw name="Click Element" library="SeleniumLibrary">
<doc>Click element identified by ``locator``.</doc>
<arguments>
<arg>xpath: //*[contains(text(), "Контакты")]</arg>
</arguments>
<msg timestamp="20190312 11:19:44.160" level="INFO">Clicking element 'xpath: //*[contains(text(), "Контакты")]'.</msg>
<status status="PASS" starttime="20190312 11:19:44.159" endtime="20190312 11:19:45.744"></status>
</kw>
<kw name="Sleep" library="BuiltIn">
<doc>Pauses the test executed for the given time.</doc>
<arguments>
<arg>3s</arg>
</arguments>
<msg timestamp="20190312 11:19:48.747" level="INFO">Slept 3 seconds</msg>
<status status="PASS" starttime="20190312 11:19:45.745" endtime="20190312 11:19:48.747"></status>
</kw>
<kw name="Click Element" library="SeleniumLibrary">
<doc>Click element identified by ``locator``.</doc>
<arguments>
<arg>xpath: //*[contains(text(), "Безопасность")]</arg>
</arguments>
<msg timestamp="20190312 11:19:48.748" level="INFO">Clicking element 'xpath: //*[contains(text(), "Безопасность")]'.</msg>
<status status="PASS" starttime="20190312 11:19:48.747" endtime="20190312 11:19:50.175"></status>
</kw>
<kw name="Sleep" library="BuiltIn">
<doc>Pauses the test executed for the given time.</doc>
<arguments>
<arg>3s</arg>
</arguments>
<msg timestamp="20190312 11:19:53.177" level="INFO">Slept 3 seconds</msg>
<status status="PASS" starttime="20190312 11:19:50.175" endtime="20190312 11:19:53.177"></status>
</kw>
<kw name="Click Element" library="SeleniumLibrary">
<doc>Click element identified by ``locator``.</doc>
<arguments>
<arg>xpath: //*[contains(text(), "Вакансии")]</arg>
</arguments>
<msg timestamp="20190312 11:19:53.177" level="INFO">Clicking element 'xpath: //*[contains(text(), "Вакансии")]'.</msg>
<status status="PASS" starttime="20190312 11:19:53.177" endtime="20190312 11:19:54.657"></status>
</kw>
<kw name="Sleep" library="BuiltIn">
<doc>Pauses the test executed for the given time.</doc>
<arguments>
<arg>3s</arg>
</arguments>
<msg timestamp="20190312 11:19:57.659" level="INFO">Slept 3 seconds</msg>
<status status="PASS" starttime="20190312 11:19:54.658" endtime="20190312 11:19:57.659"></status>
</kw>
<kw name="Click Element" library="SeleniumLibrary">
<doc>Click element identified by ``locator``.</doc>
<arguments>
<arg>xpath: //*[contains(text(), "Гарантия")]</arg>
</arguments>
<msg timestamp="20190312 11:19:57.659" level="INFO">Clicking element 'xpath: //*[contains(text(), "Гарантия")]'.</msg>
<status status="PASS" starttime="20190312 11:19:57.659" endtime="20190312 11:20:19.656"></status>
</kw>
<kw name="Sleep" library="BuiltIn">
<doc>Pauses the test executed for the given time.</doc>
<arguments>
<arg>3s</arg>
</arguments>
<msg timestamp="20190312 11:20:22.659" level="INFO">Slept 3 seconds</msg>
<status status="PASS" starttime="20190312 11:20:19.656" endtime="20190312 11:20:22.659"></status>
</kw>
<kw name="Click Element" library="SeleniumLibrary">
<doc>Click element identified by ``locator``.</doc>
<arguments>
<arg>xpath: //*[contains(text(), "Поиск по сайт")]</arg>
</arguments>
<msg timestamp="20190312 11:20:22.659" level="INFO">Clicking element 'xpath: //*[contains(text(), "Поиск по сайт")]'.</msg>
<status status="PASS" starttime="20190312 11:20:22.659" endtime="20190312 11:20:24.535"></status>
</kw>
<kw name="Sleep" library="BuiltIn">
<doc>Pauses the test executed for the given time.</doc>
<arguments>
<arg>3s</arg>
</arguments>
<msg timestamp="20190312 11:20:27.537" level="INFO">Slept 3 seconds</msg>
<status status="PASS" starttime="20190312 11:20:24.535" endtime="20190312 11:20:27.537"></status>
</kw>
<kw name="Click Element" library="SeleniumLibrary">
<doc>Click element identified by ``locator``.</doc>
<arguments>
<arg>xpath: //*[contains(text(), "Почему у нас покупают?")]</arg>
</arguments>
<msg timestamp="20190312 11:20:27.537" level="INFO">Clicking element 'xpath: //*[contains(text(), "Почему у нас покупают?")]'.</msg>
<status status="PASS" starttime="20190312 11:20:27.537" endtime="20190312 11:20:37.264"></status>
</kw>
<kw name="Sleep" library="BuiltIn">
<doc>Pauses the test executed for the given time.</doc>
<arguments>
<arg>3s</arg>
</arguments>
<msg timestamp="20190312 11:20:40.266" level="INFO">Slept 3 seconds</msg>
<status status="PASS" starttime="20190312 11:20:37.264" endtime="20190312 11:20:40.266"></status>
</kw>
<kw name="Execute Javascript" library="SeleniumLibrary">
<doc>Executes the given JavaScript code with possible arguments.</doc>
<arguments>
<arg>window.scrollTo(0, document.body.scrollHeight)</arg>
</arguments>
<msg timestamp="20190312 11:20:40.268" level="INFO">Executing JavaScript:
window.scrollTo(0, document.body.scrollHeight)
Without any arguments.</msg>
<status status="PASS" starttime="20190312 11:20:40.266" endtime="20190312 11:20:40.278"></status>
</kw>
<kw name="Sleep" library="BuiltIn">
<doc>Pauses the test executed for the given time.</doc>
<arguments>
<arg>3s</arg>
</arguments>
<msg timestamp="20190312 11:20:43.280" level="INFO">Slept 3 seconds</msg>
<status status="PASS" starttime="20190312 11:20:40.278" endtime="20190312 11:20:43.280"></status>
</kw>
<kw name="Click Element" library="SeleniumLibrary">
<doc>Click element identified by ``locator``.</doc>
<arguments>
<arg>xpath: //*[contains(text(), "Услуги HDD")]</arg>
</arguments>
<msg timestamp="20190312 11:20:43.281" level="INFO">Clicking element 'xpath: //*[contains(text(), "Услуги HDD")]'.</msg>
<status status="PASS" starttime="20190312 11:20:43.280" endtime="20190312 11:20:44.840"></status>
</kw>
<kw name="Sleep" library="BuiltIn">
<doc>Pauses the test executed for the given time.</doc>
<arguments>
<arg>3s</arg>
</arguments>
<msg timestamp="20190312 11:20:47.845" level="INFO">Slept 3 seconds</msg>
<status status="PASS" starttime="20190312 11:20:44.843" endtime="20190312 11:20:47.845"></status>
</kw>
<kw name="Click Element" library="SeleniumLibrary">
<doc>Click element identified by ``locator``.</doc>
<arguments>
<arg>xpath: //*[contains(text(), "Техническая поддержка и услуги")]</arg>
</arguments>
<msg timestamp="20190312 11:20:47.846" level="INFO">Clicking element 'xpath: //*[contains(text(), "Техническая поддержка и услуги")]'.</msg>
<status status="PASS" starttime="20190312 11:20:47.846" endtime="20190312 11:20:47.933"></status>
</kw>
<kw name="Sleep" library="BuiltIn">
<doc>Pauses the test executed for the given time.</doc>
<arguments>
<arg>3s</arg>
</arguments>
<msg timestamp="20190312 11:20:50.934" level="INFO">Slept 3 seconds</msg>
<status status="PASS" starttime="20190312 11:20:47.933" endtime="20190312 11:20:50.934"></status>
</kw>
<kw name="Close Browser" library="SeleniumLibrary">
<doc>Closes the current browser.</doc>
<status status="PASS" starttime="20190312 11:20:50.934" endtime="20190312 11:20:53.523"></status>
</kw>
<doc>This is some basic info about the test</doc>
<tags>
<tag>Smoke</tag>
</tags>
<status status="PASS" starttime="20190312 11:19:23.387" endtime="20190312 11:20:53.523" critical="yes"></status>
</test>
<doc>This is some basic info about the whole suite</doc>
<status status="PASS" starttime="20190312 11:16:21.283" endtime="20190312 11:20:53.525"></status>
</suite>
<statistics>
<total>
<stat pass="8" fail="0">Critical Tests</stat>
<stat pass="8" fail="0">All Tests</stat>
</total>
<tag>
<stat pass="8" fail="0">Smoke</stat>
</tag>
<suite>
<stat pass="8" fail="0" id="s1" name="Elmir">Elmir</stat>
</suite>
</statistics>
<errors>
</errors>
</robot>
